<?xml version="1.0" encoding="UTF-8"?>
<!-- Generated by org.testng.reporters.JUnitXMLReporter -->
<testsuite hostname="BLRDRIGWN24290" ignored="5" name="RegressionTest" tests="3" failures="0" timestamp="24 Jul 2017 12:26:51 GMT" time="71.77" errors="0">
  <testcase name="testValidLoginLogout" time="5.736" classname="com.hrdocument.tests.ValidLoginLogout"/>
  <testcase name="testInvalidLogin" time="16.666" classname="com.hrdocument.tests.InvalidLogin"/>
  <testcase name="testVerifyVersion" time="10.041" classname="com.hrdocument.tests.VerifyVersion"/>
  <testcase name="testA" time="0.0" classname="com.hrdocument.tests.Demo">
    <ignored/>
  </testcase> <!-- testA -->
  <testcase name="@BeforeSuite setDriverPath" time="0.0" classname="generics.BaseTest">
    <ignored/>
  </testcase> <!-- @BeforeSuite setDriverPath -->
  <testcase name="@BeforeSuite setDriverPath" time="0.0" classname="generics.BaseTest">
    <ignored/>
  </testcase> <!-- @BeforeSuite setDriverPath -->
  <testcase name="@BeforeSuite setDriverPath" time="0.0" classname="generics.BaseTest">
    <ignored/>
  </testcase> <!-- @BeforeSuite setDriverPath -->
  <testcase name="@BeforeSuite setDriverPath" time="0.0" classname="generics.BaseTest">
    <ignored/>
  </testcase> <!-- @BeforeSuite setDriverPath -->
</testsuite> <!-- RegressionTest -->
