<?xml version="1.0" encoding="UTF-8"?>
<!-- Generated by org.testng.reporters.JUnitXMLReporter -->
<testsuite hostname="BLRDRIGWN24290" ignored="5" name="RegressionTest" tests="3" failures="0" timestamp="27 Jul 2017 12:46:05 GMT" time="65.487" errors="0">
  <testcase name="testValidLoginLogout" time="5.105" classname="com.hrdocument.tests.ValidLoginLogout"/>
  <testcase name="testInvalidLogin" time="17.054" classname="com.hrdocument.tests.InvalidLogin"/>
  <testcase name="testVerifyVersion" time="9.549" classname="com.hrdocument.tests.VerifyVersion"/>
  <testcase name="testA" time="0.0" classname="com.hrdocument.tests.Demo">
    <ignored/>
  </testcase> <!-- testA -->
  <testcase name="@BeforeSuite setDriverPath" time="0.0" classname="generics.BaseTest">
    <ignored/>
  </testcase> <!-- @BeforeSuite setDriverPath -->
  <testcase name="@BeforeSuite setDriverPath" time="0.0" classname="generics.BaseTest">
    <ignored/>
  </testcase> <!-- @BeforeSuite setDriverPath -->
  <testcase name="@BeforeSuite setDriverPath" time="0.0" classname="generics.BaseTest">
    <ignored/>
  </testcase> <!-- @BeforeSuite setDriverPath -->
  <testcase name="@BeforeSuite setDriverPath" time="0.0" classname="generics.BaseTest">
    <ignored/>
  </testcase> <!-- @BeforeSuite setDriverPath -->
</testsuite> <!-- RegressionTest -->
